<?xml version="1.0" encoding="UTF-8"?>
<!-- Generated by org.testng.reporters.JUnitXMLReporter -->
<testsuite hostname="LAPTOP-DVJDDLRA" ignored="0" name="Command line test(failed)" tests="2" failures="0" timestamp="02 Apr 2020 07:26:44 GMT" time="1.338" errors="0">
  <testcase name="@BeforeTest initDriver" time="0.0" classname="com.cts.tests.TestLoginPage">
    <failure type="org.testng.TestNGException" message="
Parameter &amp;apos;browser&amp;apos; is required by BeforeTest on method initDriver but has not been marked @Optional or defined
in D:\Groot1\OrangeHRMDemo\target\surefire-reports\com.cts.tests.TestLoginPage\testng-failed.xml">
      <![CDATA[org.testng.TestNGException: 
Parameter 'browser' is required by BeforeTest on method initDriver but has not been marked @Optional or defined
in D:\Groot1\OrangeHRMDemo\target\surefire-reports\com.cts.tests.TestLoginPage\testng-failed.xml
... Removed 21 stack frames]]>
    </failure>
  </testcase> <!-- @BeforeTest initDriver -->
  <testcase name="@AfterTest close" time="0.0" classname="com.cts.tests.TestLoginPage">
    <skipped/>
  </testcase> <!-- @AfterTest close -->
  <testcase name="login" time="0.0" classname="com.cts.tests.TestLoginPage">
    <skipped/>
  </testcase> <!-- login -->
  <testcase name="login" time="0.0" classname="com.cts.tests.TestLoginPage">
    <skipped/>
  </testcase> <!-- login -->
</testsuite> <!-- Command line test(failed) -->
